\BOOKMARK [0][-]{section*.1}{Abstract}{}% 1
\BOOKMARK [0][-]{Table of contents.0}{Table\040of\040contents}{}% 2
\BOOKMARK [0][-]{section*.3}{List\040of\040figures}{}% 3
\BOOKMARK [0][-]{section*.5}{Acknowledgments}{}% 4
\BOOKMARK [0][-]{chapter.1}{General\040introduction\040and\040background}{}% 5
\BOOKMARK [1][-]{section.1.1}{Drift-diffusion\040models}{chapter.1}% 6
\BOOKMARK [1][-]{section.1.2}{Single\040neuron\040correlates\040of\040evidence\040accumulation\040for\040decision-making}{chapter.1}% 7
\BOOKMARK [1][-]{section.1.3}{Sensory,\040motor,\040or\040both?}{chapter.1}% 8
\BOOKMARK [1][-]{section.1.4}{Heterogeneity\040across\040neurons\040and\040variability\040across\040trials}{chapter.1}% 9
\BOOKMARK [1][-]{section.1.5}{Transient\040or\040persistent\040activity\040dynamics?}{chapter.1}% 10
\BOOKMARK [1][-]{section.1.6}{Neural\040trajectories\040and\040methods\040for\040analyzing\040high-dimensional\040neural\040data}{chapter.1}% 11
\BOOKMARK [1][-]{section.1.7}{Neural\040algorithms\040for\040memory\040and\040decision-making}{chapter.1}% 12
\BOOKMARK [2][-]{subsection.1.7.1}{Winner-take-all\040models}{section.1.7}% 13
\BOOKMARK [2][-]{subsection.1.7.2}{Reservoir\040computing}{section.1.7}% 14
\BOOKMARK [1][-]{section.1.8}{Methods\040for\040recording\040from\040multiple\040neurons\040simultaneously}{chapter.1}% 15
\BOOKMARK [1][-]{section.1.9}{A\040virtual\040reality\040paradigm\040for\040mouse\040behavior}{chapter.1}% 16
\BOOKMARK [0][-]{chapter.2}{Development\040of\040novel\040virtual-navigation\040decision-making\040behaviors}{}% 17
\BOOKMARK [1][-]{section.2.1}{Introduction}{chapter.2}% 18
\BOOKMARK [1][-]{section.2.2}{A\040virtual\040reality\040system\040for\040mouse\040behavior}{chapter.2}% 19
\BOOKMARK [2][-]{subsection.2.2.1}{Detailed\040description}{section.2.2}% 20
\BOOKMARK [1][-]{section.2.3}{Fixed\040association\040evidence\040accumulation\040task}{chapter.2}% 21
\BOOKMARK [2][-]{subsection.2.3.1}{Task\040description}{section.2.3}% 22
\BOOKMARK [2][-]{subsection.2.3.2}{Training\040procedure}{section.2.3}% 23
\BOOKMARK [2][-]{subsection.2.3.3}{Behavioral\040characterization}{section.2.3}% 24
\BOOKMARK [1][-]{section.2.4}{Delayed-match-to-sample\040task}{chapter.2}% 25
\BOOKMARK [2][-]{subsection.2.4.1}{Task\040description}{section.2.4}% 26
\BOOKMARK [2][-]{subsection.2.4.2}{Training\040procedure}{section.2.4}% 27
\BOOKMARK [2][-]{subsection.2.4.3}{Behavioral\040characterization}{section.2.4}% 28
\BOOKMARK [1][-]{section.2.5}{Delayed-match-to-sample\040evidence\040accumulation\040task}{chapter.2}% 29
\BOOKMARK [2][-]{subsection.2.5.1}{Task\040description}{section.2.5}% 30
\BOOKMARK [2][-]{subsection.2.5.2}{Training\040procedure}{section.2.5}% 31
\BOOKMARK [2][-]{subsection.2.5.3}{Behavioral\040characterization}{section.2.5}% 32
\BOOKMARK [1][-]{section.2.6}{Behavioral\040analysis\040suite}{chapter.2}% 33
\BOOKMARK [1][-]{section.2.7}{Thoughts\040on\040task\040design}{chapter.2}% 34
\BOOKMARK [0][-]{chapter.3}{History-dependent\040variability\040in\040population\040dynamics\040during\040evidence\040accumulation\040in\040cortex}{}% 35
\BOOKMARK [1][-]{section.3.1}{Introduction}{chapter.3}% 36
\BOOKMARK [1][-]{section.3.2}{Results}{chapter.3}% 37
\BOOKMARK [2][-]{subsection.3.2.1}{Single\040neuron\040responses\040during\040evidence\040accumulation}{section.3.2}% 38
\BOOKMARK [2][-]{subsection.3.2.2}{Task-relevant\040information\040is\040distributed\040across\040neuronal\040populations}{section.3.2}% 39
\BOOKMARK [2][-]{subsection.3.2.3}{Clustering\040neuronal\040activity\040patterns\040across\040trials}{section.3.2}% 40
\BOOKMARK [2][-]{subsection.3.2.4}{Temporally\040structured\040trial-trial\040variability}{section.3.2}% 41
\BOOKMARK [2][-]{subsection.3.2.5}{A\040memory\040of\040past\040events\040is\040maintained\040in\040PPC\040population\040activity\040over\040seconds\040and\040across\040trials}{section.3.2}% 42
\BOOKMARK [2][-]{subsection.3.2.6}{A\040novel\040model\040for\040evidence\040accumulation\040based\040on\040history-dependent\040dynamics}{section.3.2}% 43
\BOOKMARK [1][-]{section.3.3}{Acknowledgements}{chapter.3}% 44
\BOOKMARK [1][-]{section.3.4}{Author\040contributions}{chapter.3}% 45
\BOOKMARK [0][-]{chapter.4}{Discussion\040and\040future\040experiments}{}% 46
\BOOKMARK [1][-]{section.4.1}{History-dependent\040population\040dynamics}{chapter.4}% 47
\BOOKMARK [1][-]{section.4.2}{Importance\040of\040single-trial\040population\040analyses}{chapter.4}% 48
\BOOKMARK [1][-]{section.4.3}{Inconsistencies\040with\040winner-take-all\040models}{chapter.4}% 49
\BOOKMARK [1][-]{section.4.4}{A\040general\040rule\040for\040dynamics\040in\040the\040PPC}{chapter.4}% 50
\BOOKMARK [1][-]{section.4.5}{Developing\040neuronal\040implementations\040of\040history-dependent\040dynamics}{chapter.4}% 51
\BOOKMARK [1][-]{section.4.6}{Additional\040experimental\040tests}{chapter.4}% 52
\BOOKMARK [1][-]{section.4.7}{Recreating\040history-dependent\040dynamics\040in\040silico\040with\040recurrent\040neural\040networks}{chapter.4}% 53
\BOOKMARK [0][-]{chapter.5}{Methods}{}% 54
\BOOKMARK [1][-]{section.5.1}{Subjects}{chapter.5}% 55
\BOOKMARK [1][-]{section.5.2}{Imaging}{chapter.5}% 56
\BOOKMARK [2][-]{subsection.5.2.1}{Surgical\040procedure}{section.5.2}% 57
\BOOKMARK [2][-]{subsection.5.2.2}{Two-photon\040microscope\040design}{section.5.2}% 58
\BOOKMARK [2][-]{subsection.5.2.3}{Imaging\040data\040acquisition}{section.5.2}% 59
\BOOKMARK [2][-]{subsection.5.2.4}{Pre-processing\040of\040imaging\040data}{section.5.2}% 60
\BOOKMARK [1][-]{section.5.3}{Data\040analysis}{chapter.5}% 61
\BOOKMARK [2][-]{subsection.5.3.1}{General\040analysis\040procedures}{section.5.3}% 62
\BOOKMARK [2][-]{subsection.5.3.2}{Choice\040selectivity\040for\040individual\040neurons}{section.5.3}% 63
\BOOKMARK [1][-]{section.5.4}{Classifiers\040\(without\040clustering\)}{chapter.5}% 64
\BOOKMARK [2][-]{subsection.5.4.1}{General\040procedures}{section.5.4}% 65
\BOOKMARK [2][-]{subsection.5.4.2}{Two-class\040classifications}{section.5.4}% 66
\BOOKMARK [2][-]{subsection.5.4.3}{Multi-class\040classifications}{section.5.4}% 67
\BOOKMARK [2][-]{subsection.5.4.4}{Classifiers\040built\040by\040adding-in\040subsets\040of\040neurons}{section.5.4}% 68
\BOOKMARK [2][-]{subsection.5.4.5}{Classification\040of\040cue\040sequences}{section.5.4}% 69
\BOOKMARK [1][-]{section.5.5}{Analysis\040of\040activity\040in\040high-dimensional\040state\040space\040}{chapter.5}% 70
\BOOKMARK [2][-]{subsection.5.5.1}{Factor\040analysis}{section.5.5}% 71
\BOOKMARK [2][-]{subsection.5.5.2}{Relationship\040between\040pairwise\040trial-trial\040distances\040before\040and\040after\040cue\040presentation}{section.5.5}% 72
\BOOKMARK [2][-]{subsection.5.5.3}{Relationship\040between\040pairwise\040trial-trial\040distances\040and\040population\040activity\040vectors}{section.5.5}% 73
\BOOKMARK [1][-]{section.5.6}{Clustering\040methods}{chapter.5}% 74
\BOOKMARK [2][-]{subsection.5.6.1}{Pre-processing\040for\040clustering}{section.5.6}% 75
\BOOKMARK [2][-]{subsection.5.6.2}{Clustering\040via\040affinity\040propagation}{section.5.6}% 76
\BOOKMARK [2][-]{subsection.5.6.3}{Transition\040probabilities\040between\040clusters}{section.5.6}% 77
\BOOKMARK [2][-]{subsection.5.6.4}{Clustering\040based\040on\040all\040time\040points\040together\040\(rather\040than\040epoch-by-epoch\040clustering\)}{section.5.6}% 78
\BOOKMARK [1][-]{section.5.7}{Classifiers\040based\040on\040activity\040in\040cluster-space}{chapter.5}% 79
\BOOKMARK [2][-]{subsection.5.7.1}{Classification\040of\040the\040cluster\040identity\040at\040past\040and\040future\040epochs\040based\040on\040the\040cluster\040identity\040at\040the\040current\040epoch}{section.5.7}% 80
\BOOKMARK [2][-]{subsection.5.7.2}{Classification\040of\040past\040and\040future\040cluster\040identities\040with\040simulated\040pseudo-populations\040}{section.5.7}% 81
\BOOKMARK [2][-]{subsection.5.7.3}{Classification\040of\040past\040and\040future\040cluster\040identities\040based\040on\040behavioral\040data}{section.5.7}% 82
\BOOKMARK [2][-]{subsection.5.7.4}{Classification\040of\040behavioral\040errors\040based\040on\040cluster\040identity}{section.5.7}% 83
\BOOKMARK [1][-]{section.5.8}{Analysis\040of\040the\040overlap\040of\040active\040neurons\040across\040clusters}{chapter.5}% 84
\BOOKMARK [0][-]{chapter*.38}{References}{}% 85
